Base path: C:/Program Files/Unity 2018.1.0b6/Editor/Data
Cmd: initializeCompiler
Cmd: preprocess
  insize=219 outsize=219 ok=1
Cmd: preprocess
  insize=2511 outsize=862 ok=1
Cmd: preprocess
  insize=1609 outsize=492 ok=1
Cmd: preprocess
  insize=2956 outsize=921 ok=1
Cmd: preprocess
  insize=2490 outsize=459 ok=1
Cmd: preprocess
  insize=2056 outsize=918 ok=1
Cmd: preprocess
  insize=2124 outsize=457 ok=1
Cmd: preprocess
  insize=480 outsize=480 ok=1
Cmd: preprocess
  insize=2613 outsize=516 ok=1
Cmd: preprocess
  insize=2246 outsize=514 ok=1
Cmd: preprocess
  insize=1537 outsize=559 ok=1
Cmd: preprocess
  insize=1631 outsize=858 ok=1
Cmd: preprocess
  insize=1541 outsize=625 ok=1
Cmd: preprocess
  insize=2897 outsize=883 ok=1
Cmd: preprocess
  insize=1701 outsize=908 ok=1
Cmd: preprocess
  insize=1723 outsize=514 ok=1
Cmd: preprocess
  insize=1588 outsize=457 ok=1
Cmd: preprocess
  insize=3042 outsize=1916 ok=1
Cmd: preprocess
  insize=2589 outsize=919 ok=1
Cmd: preprocess
  insize=1959 outsize=843 ok=1
Cmd: preprocess
  insize=2512 outsize=494 ok=1
Cmd: preprocess
  insize=435 outsize=435 ok=1
Cmd: preprocess
  insize=1473 outsize=477 ok=1
Cmd: preprocess
  insize=1623 outsize=870 ok=1
Cmd: preprocess
  error: 2 plat 21 at (39): Too many texture interpolators would be used for ForwardBase pass (9 out of max 8), try adding #pragma target 3.0
  insize=5949 outsize=4385 ok=0
Cmd: preprocess
  insize=1659 outsize=897 ok=1
Cmd: preprocess
  insize=2361 outsize=2421 ok=1
Cmd: preprocess
  insize=1448 outsize=469 ok=1
Cmd: preprocess
  insize=1270 outsize=483 ok=1
Cmd: preprocess
  insize=2145 outsize=492 ok=1
Cmd: preprocess
  insize=1667 outsize=897 ok=1
